vlib fifo_tb_lib
** Warning: (vlib-34) Library already exists at "fifo_tb_lib".
Errors: 0, Warnings: 1
vmap work fifo_tb_lib
QuestaSim-64 vmap 2024.3_2 Lib Mapping Utility 2024.11 Nov 25 2024
vmap work fifo_tb_lib 
Modifying modelsim.ini
vcom ../rtl/fifo2.vhd
QuestaSim-64 vcom 2024.3_2 Compiler 2024.11 Nov 25 2024
Start time: 13:59:48 on Jan 30,2026
vcom ../rtl/fifo2.vhd 
-- Loading package STANDARD
-- Loading package TEXTIO
-- Loading package std_logic_1164
-- Loading package std_logic_arith
-- Loading package STD_LOGIC_UNSIGNED
** Warning: ../rtl/fifo2.vhd(32): (vcom-1615) Existing entity 'fifo' at /home/student/shared_p/Verification/20/ex_uvm/fifo_tb/rtl/fifo2.vhd(32) will be overwritten.
-- Compiling entity fifo
** Warning: ../rtl/fifo2.vhd(54): (vcom-1615) Existing architecture 'fifo(behavioral)' at /home/student/shared_p/Verification/20/ex_uvm/fifo_tb/rtl/fifo2.vhd(54) will be overwritten.
-- Compiling architecture behavioral of fifo
End time: 13:59:49 on Jan 30,2026, Elapsed time: 0:00:01
Errors: 0, Warnings: 2
vlog +cover=s ../fifo_tb_pkg/dut_if.sv ../fifo_tb_pkg/fifo_tb_pkg.sv ../fifo_tb_top.sv
QuestaSim-64 vlog 2024.3_2 Compiler 2024.11 Nov 25 2024
Start time: 13:59:49 on Jan 30,2026
vlog "+cover=s" ../fifo_tb_pkg/dut_if.sv ../fifo_tb_pkg/fifo_tb_pkg.sv ../fifo_tb_top.sv 
-- Compiling interface dut_if
-- Compiling package fifo_tb_pkg
** Note: (vlog-2286) ../fifo_tb_pkg/fifo_tb_pkg.sv(17): Using implicit +incdir+/opt/questa/2024.3/questasim/uvm-1.1d/../verilog_src/uvm-1.1d/src from import uvm_pkg
-- Importing package mtiUvm.uvm_pkg (uvm-1.1d Built-in)
** Warning: ** while parsing file included at ../fifo_tb_pkg/fifo_tb_pkg.sv(41)
** at ../fifo_tb_pkg/sequence.svh(81): (vlog-2597) '4294967295' is being treated as 32-bit signed integer and will overflow.
** Warning: ** while parsing file included at ../fifo_tb_pkg/fifo_tb_pkg.sv(41)
** at ../fifo_tb_pkg/sequence.svh(89): (vlog-2597) '2294967295' is being treated as 32-bit signed integer and will overflow.
** Warning: ** while parsing file included at ../fifo_tb_pkg/fifo_tb_pkg.sv(41)
** at ../fifo_tb_pkg/sequence.svh(97): (vlog-2597) '3294967295' is being treated as 32-bit signed integer and will overflow.
-- Compiling module fifo_tb_top
-- Importing package fifo_tb_pkg

Top level modules:
	fifo_tb_top
End time: 13:59:49 on Jan 30,2026, Elapsed time: 0:00:00
Errors: 0, Warnings: 3
vsim -sv_seed random -do vsim.do -c -coverage -suppress 3829 +UVM_VERBOSITY=UVM_HIGH +UVM_TESTNAME=random_test fifo_tb_top
Reading pref.tcl

# 2024.3_2

# vsim -sv_seed random -do "vsim.do" -c -coverage -suppress 3829 "+UVM_VERBOSITY=UVM_HIGH" "+UVM_TESTNAME=random_test" fifo_tb_top 
# Start time: 13:59:50 on Jan 30,2026
# ** Note: (vsim-3813) Design is being optimized due to module recompilation...
# ** Warning: (vopt-29) Unable to get status of file "/mnt/hgfs/P/verification/20/ex_uvm/fifo_tb/sim/fifo_tb_lib/_info".
# Input/output error. (errno = EIO)
# ** Note: (vsim-12126) Error and warning message counts have been restored: Errors=0, Warnings=1.
# //  Questa Sim-64
# //  Version 2024.3_2 linux_x86_64 Nov 25 2024
# //
# // Unpublished work. Copyright 2024 Siemens
# //
# // This material contains trade secrets or otherwise confidential information
# // owned by Siemens Industry Software Inc. or its affiliates (collectively,
# // "SISW"), or its licensors. Access to and use of this information is strictly
# // limited as set forth in the Customer's applicable agreements with SISW.
# //
# // This material may not be copied, distributed, or otherwise disclosed outside
# // of the Customer's facilities without the express written permission of SISW,
# // and may not be used in any way not expressly authorized by SISW.
# //
# Loading sv_std.std
# Loading work.dut_if(fast)
# Loading mtiUvm.uvm_pkg(fast)
# Loading work.fifo_tb_pkg(fast)
# Loading mtiUvm.questa_uvm_pkg(fast)
# Loading work.fifo_tb_top(fast)
# Loading std.standard
# Loading std.textio(body)
# Loading ieee.std_logic_1164(body)
# Loading ieee.std_logic_arith(body)
# Loading ieee.std_logic_unsigned(body)
# Loading work.fifo(behavioral)#1
# Loading /opt/questa/2024.3/questasim/uvm-1.1d/linux_x86_64/uvm_dpi.so
# Sv_Seed = 626230683
# do vsim.do
# resume
# ----------------------------------------------------------------
# UVM-1.1d
# (C) 2007-2013 Mentor Graphics Corporation
# (C) 2007-2013 Cadence Design Systems, Inc.
# (C) 2006-2013 Synopsys, Inc.
# (C) 2011-2013 Cypress Semiconductor Corp.
# ----------------------------------------------------------------
# 
#   ***********       IMPORTANT RELEASE NOTES         ************
# 
#   You are using a version of the UVM library that has been compiled
#   with `UVM_NO_DEPRECATED undefined.
#   See http://www.eda.org/svdb/view.php?id=3313 for more details.
# 
#   You are using a version of the UVM library that has been compiled
#   with `UVM_OBJECT_MUST_HAVE_CONSTRUCTOR undefined.
#   See http://www.eda.org/svdb/view.php?id=3770 for more details.
# 
#       (Specify +UVM_NO_RELNOTES to turn off this notice)
# 
# UVM_INFO verilog_src/questa_uvm_pkg-1.2/src/questa_uvm_pkg.sv(277) @ 0: reporter [Questa UVM] QUESTA_UVM-1.2.3
# UVM_INFO verilog_src/questa_uvm_pkg-1.2/src/questa_uvm_pkg.sv(278) @ 0: reporter [Questa UVM]  questa_uvm::init(+struct)
# UVM_INFO @ 0: reporter [RNTST] Running test random_test...
# UVM_INFO ../fifo_tb_pkg/env.svh(31) @ 0: uvm_test_top.env_h [env] Created environment
# UVM_INFO ../fifo_tb_pkg/agent.svh(34) @ 0: uvm_test_top.env_h.agent_h [agent] Created agent
# UVM_INFO ../fifo_tb_pkg/driver.svh(30) @ 0: uvm_test_top.env_h.agent_h.drv_h [driver] Created driver
# UVM_INFO ../fifo_tb_pkg/monitor.svh(26) @ 0: uvm_test_top.env_h.agent_h.mnt_h [monitor] Created monitor
# UVM_INFO ../fifo_tb_pkg/coverage_collector.svh(41) @ 0: uvm_test_top.env_h.cov_h [coverage collector] Created coverage collector
# UVM_INFO ../fifo_tb_pkg/scoreboard.svh(42) @ 0: uvm_test_top.env_h.score_h [scoreboard] Created scoreboard
# UVM_INFO verilog_src/questa_uvm_pkg-1.2/src/questa_uvm_pkg.sv(339) @ 0: reporter [Questa UVM] End Of Elaboration
# UVM_INFO ../fifo_tb_pkg/monitor.svh(59) @ 1: uvm_test_top.env_h.agent_h.mnt_h [monitor] Got data
# UVM_INFO ../fifo_tb_pkg/driver.svh(50) @ 1: uvm_test_top.env_h.agent_h.drv_h [driver] Transaction received, wiggling pins
# UVM_INFO ../fifo_tb_pkg/monitor.svh(59) @ 3: uvm_test_top.env_h.agent_h.mnt_h [monitor] Got data
# UVM_INFO ../fifo_tb_pkg/driver.svh(50) @ 3: uvm_test_top.env_h.agent_h.drv_h [driver] Transaction received, wiggling pins
# UVM_INFO ../fifo_tb_pkg/monitor.svh(59) @ 5: uvm_test_top.env_h.agent_h.mnt_h [monitor] Got data
# UVM_INFO ../fifo_tb_pkg/driver.svh(50) @ 5: uvm_test_top.env_h.agent_h.drv_h [driver] Transaction received, wiggling pins
# UVM_INFO ../fifo_tb_pkg/monitor.svh(59) @ 7: uvm_test_top.env_h.agent_h.mnt_h [monitor] Got data
# UVM_INFO ../fifo_tb_pkg/driver.svh(50) @ 7: uvm_test_top.env_h.agent_h.drv_h [driver] Transaction received, wiggling pins
# UVM_ERROR ../fifo_tb_pkg/scoreboard.svh(105) @ 9: uvm_test_top.env_h.score_h [scoreboard] Data output is not the oldest data in FIFO
# UVM_INFO ../fifo_tb_pkg/monitor.svh(59) @ 9: uvm_test_top.env_h.agent_h.mnt_h [monitor] Got data
# UVM_INFO ../fifo_tb_pkg/driver.svh(50) @ 9: uvm_test_top.env_h.agent_h.drv_h [driver] Transaction received, wiggling pins
# UVM_ERROR ../fifo_tb_pkg/scoreboard.svh(105) @ 11: uvm_test_top.env_h.score_h [scoreboard] Data output is not the oldest data in FIFO
# UVM_INFO ../fifo_tb_pkg/monitor.svh(59) @ 11: uvm_test_top.env_h.agent_h.mnt_h [monitor] Got data
# UVM_INFO ../fifo_tb_pkg/driver.svh(50) @ 11: uvm_test_top.env_h.agent_h.drv_h [driver] Transaction received, wiggling pins
# UVM_ERROR ../fifo_tb_pkg/scoreboard.svh(105) @ 13: uvm_test_top.env_h.score_h [scoreboard] Data output is not the oldest data in FIFO
# UVM_INFO ../fifo_tb_pkg/monitor.svh(59) @ 13: uvm_test_top.env_h.agent_h.mnt_h [monitor] Got data
# UVM_INFO ../fifo_tb_pkg/driver.svh(50) @ 13: uvm_test_top.env_h.agent_h.drv_h [driver] Transaction received, wiggling pins
# UVM_ERROR ../fifo_tb_pkg/scoreboard.svh(105) @ 15: uvm_test_top.env_h.score_h [scoreboard] Data output is not the oldest data in FIFO
# UVM_INFO ../fifo_tb_pkg/monitor.svh(59) @ 15: uvm_test_top.env_h.agent_h.mnt_h [monitor] Got data
# UVM_INFO ../fifo_tb_pkg/driver.svh(50) @ 15: uvm_test_top.env_h.agent_h.drv_h [driver] Transaction received, wiggling pins
# UVM_ERROR ../fifo_tb_pkg/scoreboard.svh(105) @ 17: uvm_test_top.env_h.score_h [scoreboard] Data output is not the oldest data in FIFO
# UVM_INFO ../fifo_tb_pkg/monitor.svh(59) @ 17: uvm_test_top.env_h.agent_h.mnt_h [monitor] Got data
# UVM_INFO ../fifo_tb_pkg/driver.svh(50) @ 17: uvm_test_top.env_h.agent_h.drv_h [driver] Transaction received, wiggling pins
# UVM_ERROR ../fifo_tb_pkg/scoreboard.svh(105) @ 19: uvm_test_top.env_h.score_h [scoreboard] Data output is not the oldest data in FIFO
# UVM_INFO ../fifo_tb_pkg/monitor.svh(59) @ 19: uvm_test_top.env_h.agent_h.mnt_h [monitor] Got data
# UVM_INFO ../fifo_tb_pkg/driver.svh(50) @ 19: uvm_test_top.env_h.agent_h.drv_h [driver] Transaction received, wiggling pins
# UVM_ERROR ../fifo_tb_pkg/scoreboard.svh(105) @ 21: uvm_test_top.env_h.score_h [scoreboard] Data output is not the oldest data in FIFO
# UVM_INFO ../fifo_tb_pkg/monitor.svh(59) @ 21: uvm_test_top.env_h.agent_h.mnt_h [monitor] Got data
# UVM_INFO ../fifo_tb_pkg/driver.svh(50) @ 21: uvm_test_top.env_h.agent_h.drv_h [driver] Transaction received, wiggling pins
# UVM_ERROR ../fifo_tb_pkg/scoreboard.svh(105) @ 23: uvm_test_top.env_h.score_h [scoreboard] Data output is not the oldest data in FIFO
# UVM_INFO ../fifo_tb_pkg/monitor.svh(59) @ 23: uvm_test_top.env_h.agent_h.mnt_h [monitor] Got data
# UVM_INFO ../fifo_tb_pkg/driver.svh(50) @ 23: uvm_test_top.env_h.agent_h.drv_h [driver] Transaction received, wiggling pins
# UVM_ERROR ../fifo_tb_pkg/scoreboard.svh(105) @ 25: uvm_test_top.env_h.score_h [scoreboard] Data output is not the oldest data in FIFO
# UVM_INFO ../fifo_tb_pkg/monitor.svh(59) @ 25: uvm_test_top.env_h.agent_h.mnt_h [monitor] Got data
# UVM_INFO ../fifo_tb_pkg/driver.svh(50) @ 25: uvm_test_top.env_h.agent_h.drv_h [driver] Transaction received, wiggling pins
# UVM_ERROR ../fifo_tb_pkg/scoreboard.svh(105) @ 27: uvm_test_top.env_h.score_h [scoreboard] Data output is not the oldest data in FIFO
# UVM_INFO ../fifo_tb_pkg/monitor.svh(59) @ 27: uvm_test_top.env_h.agent_h.mnt_h [monitor] Got data
# UVM_INFO ../fifo_tb_pkg/driver.svh(50) @ 27: uvm_test_top.env_h.agent_h.drv_h [driver] Transaction received, wiggling pins
# UVM_ERROR ../fifo_tb_pkg/scoreboard.svh(105) @ 29: uvm_test_top.env_h.score_h [scoreboard] Data output is not the oldest data in FIFO
# UVM_INFO ../fifo_tb_pkg/monitor.svh(59) @ 29: uvm_test_top.env_h.agent_h.mnt_h [monitor] Got data
# UVM_INFO ../fifo_tb_pkg/driver.svh(50) @ 29: uvm_test_top.env_h.agent_h.drv_h [driver] Transaction received, wiggling pins
# UVM_ERROR ../fifo_tb_pkg/scoreboard.svh(105) @ 31: uvm_test_top.env_h.score_h [scoreboard] Data output is not the oldest data in FIFO
# UVM_INFO ../fifo_tb_pkg/monitor.svh(59) @ 31: uvm_test_top.env_h.agent_h.mnt_h [monitor] Got data
# UVM_INFO ../fifo_tb_pkg/driver.svh(50) @ 31: uvm_test_top.env_h.agent_h.drv_h [driver] Transaction received, wiggling pins
# UVM_ERROR ../fifo_tb_pkg/scoreboard.svh(105) @ 33: uvm_test_top.env_h.score_h [scoreboard] Data output is not the oldest data in FIFO
# UVM_INFO ../fifo_tb_pkg/monitor.svh(59) @ 33: uvm_test_top.env_h.agent_h.mnt_h [monitor] Got data
# UVM_INFO ../fifo_tb_pkg/driver.svh(50) @ 33: uvm_test_top.env_h.agent_h.drv_h [driver] Transaction received, wiggling pins
# UVM_ERROR ../fifo_tb_pkg/scoreboard.svh(105) @ 35: uvm_test_top.env_h.score_h [scoreboard] Data output is not the oldest data in FIFO
# UVM_INFO ../fifo_tb_pkg/monitor.svh(59) @ 35: uvm_test_top.env_h.agent_h.mnt_h [monitor] Got data
# UVM_INFO ../fifo_tb_pkg/driver.svh(50) @ 35: uvm_test_top.env_h.agent_h.drv_h [driver] Transaction received, wiggling pins
# UVM_ERROR ../fifo_tb_pkg/scoreboard.svh(105) @ 37: uvm_test_top.env_h.score_h [scoreboard] Data output is not the oldest data in FIFO
# UVM_INFO ../fifo_tb_pkg/monitor.svh(59) @ 37: uvm_test_top.env_h.agent_h.mnt_h [monitor] Got data
# UVM_INFO ../fifo_tb_pkg/driver.svh(50) @ 37: uvm_test_top.env_h.agent_h.drv_h [driver] Transaction received, wiggling pins
# UVM_ERROR ../fifo_tb_pkg/scoreboard.svh(105) @ 39: uvm_test_top.env_h.score_h [scoreboard] Data output is not the oldest data in FIFO
# UVM_INFO ../fifo_tb_pkg/monitor.svh(59) @ 39: uvm_test_top.env_h.agent_h.mnt_h [monitor] Got data
# UVM_INFO ../fifo_tb_pkg/driver.svh(50) @ 39: uvm_test_top.env_h.agent_h.drv_h [driver] Transaction received, wiggling pins
# UVM_ERROR ../fifo_tb_pkg/scoreboard.svh(105) @ 41: uvm_test_top.env_h.score_h [scoreboard] Data output is not the oldest data in FIFO
# UVM_INFO ../fifo_tb_pkg/monitor.svh(59) @ 41: uvm_test_top.env_h.agent_h.mnt_h [monitor] Got data
# UVM_INFO ../fifo_tb_pkg/driver.svh(50) @ 41: uvm_test_top.env_h.agent_h.drv_h [driver] Transaction received, wiggling pins
# UVM_ERROR ../fifo_tb_pkg/scoreboard.svh(105) @ 43: uvm_test_top.env_h.score_h [scoreboard] Data output is not the oldest data in FIFO
# UVM_INFO ../fifo_tb_pkg/monitor.svh(59) @ 43: uvm_test_top.env_h.agent_h.mnt_h [monitor] Got data
# UVM_INFO ../fifo_tb_pkg/driver.svh(50) @ 43: uvm_test_top.env_h.agent_h.drv_h [driver] Transaction received, wiggling pins
# UVM_ERROR ../fifo_tb_pkg/scoreboard.svh(105) @ 45: uvm_test_top.env_h.score_h [scoreboard] Data output is not the oldest data in FIFO
# UVM_INFO ../fifo_tb_pkg/monitor.svh(59) @ 45: uvm_test_top.env_h.agent_h.mnt_h [monitor] Got data
# UVM_INFO ../fifo_tb_pkg/driver.svh(50) @ 45: uvm_test_top.env_h.agent_h.drv_h [driver] Transaction received, wiggling pins
# UVM_ERROR ../fifo_tb_pkg/scoreboard.svh(105) @ 47: uvm_test_top.env_h.score_h [scoreboard] Data output is not the oldest data in FIFO
# UVM_INFO ../fifo_tb_pkg/monitor.svh(59) @ 47: uvm_test_top.env_h.agent_h.mnt_h [monitor] Got data
# UVM_INFO ../fifo_tb_pkg/driver.svh(50) @ 47: uvm_test_top.env_h.agent_h.drv_h [driver] Transaction received, wiggling pins
# UVM_ERROR ../fifo_tb_pkg/scoreboard.svh(105) @ 49: uvm_test_top.env_h.score_h [scoreboard] Data output is not the oldest data in FIFO
# UVM_INFO ../fifo_tb_pkg/monitor.svh(59) @ 49: uvm_test_top.env_h.agent_h.mnt_h [monitor] Got data
# UVM_INFO ../fifo_tb_pkg/driver.svh(50) @ 49: uvm_test_top.env_h.agent_h.drv_h [driver] Transaction received, wiggling pins
# UVM_ERROR ../fifo_tb_pkg/scoreboard.svh(105) @ 51: uvm_test_top.env_h.score_h [scoreboard] Data output is not the oldest data in FIFO
# UVM_INFO ../fifo_tb_pkg/monitor.svh(59) @ 51: uvm_test_top.env_h.agent_h.mnt_h [monitor] Got data
# UVM_INFO ../fifo_tb_pkg/driver.svh(50) @ 51: uvm_test_top.env_h.agent_h.drv_h [driver] Transaction received, wiggling pins
# UVM_ERROR ../fifo_tb_pkg/scoreboard.svh(105) @ 53: uvm_test_top.env_h.score_h [scoreboard] Data output is not the oldest data in FIFO
# UVM_INFO ../fifo_tb_pkg/monitor.svh(59) @ 53: uvm_test_top.env_h.agent_h.mnt_h [monitor] Got data
# UVM_INFO ../fifo_tb_pkg/driver.svh(50) @ 53: uvm_test_top.env_h.agent_h.drv_h [driver] Transaction received, wiggling pins
# UVM_ERROR ../fifo_tb_pkg/scoreboard.svh(105) @ 55: uvm_test_top.env_h.score_h [scoreboard] Data output is not the oldest data in FIFO
# UVM_INFO ../fifo_tb_pkg/monitor.svh(59) @ 55: uvm_test_top.env_h.agent_h.mnt_h [monitor] Got data
# UVM_INFO ../fifo_tb_pkg/driver.svh(50) @ 55: uvm_test_top.env_h.agent_h.drv_h [driver] Transaction received, wiggling pins
# UVM_ERROR ../fifo_tb_pkg/scoreboard.svh(105) @ 57: uvm_test_top.env_h.score_h [scoreboard] Data output is not the oldest data in FIFO
# UVM_INFO ../fifo_tb_pkg/monitor.svh(59) @ 57: uvm_test_top.env_h.agent_h.mnt_h [monitor] Got data
# UVM_INFO ../fifo_tb_pkg/driver.svh(50) @ 57: uvm_test_top.env_h.agent_h.drv_h [driver] Transaction received, wiggling pins
# UVM_ERROR ../fifo_tb_pkg/scoreboard.svh(105) @ 59: uvm_test_top.env_h.score_h [scoreboard] Data output is not the oldest data in FIFO
# UVM_INFO ../fifo_tb_pkg/monitor.svh(59) @ 59: uvm_test_top.env_h.agent_h.mnt_h [monitor] Got data
# UVM_INFO ../fifo_tb_pkg/driver.svh(50) @ 59: uvm_test_top.env_h.agent_h.drv_h [driver] Transaction received, wiggling pins
# UVM_ERROR ../fifo_tb_pkg/scoreboard.svh(105) @ 61: uvm_test_top.env_h.score_h [scoreboard] Data output is not the oldest data in FIFO
# UVM_INFO ../fifo_tb_pkg/monitor.svh(59) @ 61: uvm_test_top.env_h.agent_h.mnt_h [monitor] Got data
# UVM_INFO ../fifo_tb_pkg/driver.svh(50) @ 61: uvm_test_top.env_h.agent_h.drv_h [driver] Transaction received, wiggling pins
# UVM_ERROR ../fifo_tb_pkg/scoreboard.svh(105) @ 63: uvm_test_top.env_h.score_h [scoreboard] Data output is not the oldest data in FIFO
# UVM_INFO ../fifo_tb_pkg/monitor.svh(59) @ 63: uvm_test_top.env_h.agent_h.mnt_h [monitor] Got data
# UVM_INFO ../fifo_tb_pkg/driver.svh(50) @ 63: uvm_test_top.env_h.agent_h.drv_h [driver] Transaction received, wiggling pins
# UVM_ERROR ../fifo_tb_pkg/scoreboard.svh(105) @ 65: uvm_test_top.env_h.score_h [scoreboard] Data output is not the oldest data in FIFO
# UVM_INFO ../fifo_tb_pkg/monitor.svh(59) @ 65: uvm_test_top.env_h.agent_h.mnt_h [monitor] Got data
# UVM_INFO ../fifo_tb_pkg/driver.svh(50) @ 65: uvm_test_top.env_h.agent_h.drv_h [driver] Transaction received, wiggling pins
# UVM_ERROR ../fifo_tb_pkg/scoreboard.svh(105) @ 67: uvm_test_top.env_h.score_h [scoreboard] Data output is not the oldest data in FIFO
# UVM_INFO ../fifo_tb_pkg/monitor.svh(59) @ 67: uvm_test_top.env_h.agent_h.mnt_h [monitor] Got data
# UVM_INFO ../fifo_tb_pkg/driver.svh(50) @ 67: uvm_test_top.env_h.agent_h.drv_h [driver] Transaction received, wiggling pins
# UVM_ERROR ../fifo_tb_pkg/scoreboard.svh(105) @ 69: uvm_test_top.env_h.score_h [scoreboard] Data output is not the oldest data in FIFO
# UVM_INFO ../fifo_tb_pkg/monitor.svh(59) @ 69: uvm_test_top.env_h.agent_h.mnt_h [monitor] Got data
# UVM_INFO ../fifo_tb_pkg/driver.svh(50) @ 69: uvm_test_top.env_h.agent_h.drv_h [driver] Transaction received, wiggling pins
# UVM_ERROR ../fifo_tb_pkg/scoreboard.svh(105) @ 71: uvm_test_top.env_h.score_h [scoreboard] Data output is not the oldest data in FIFO
# UVM_INFO ../fifo_tb_pkg/monitor.svh(59) @ 71: uvm_test_top.env_h.agent_h.mnt_h [monitor] Got data
# UVM_INFO ../fifo_tb_pkg/driver.svh(50) @ 71: uvm_test_top.env_h.agent_h.drv_h [driver] Transaction received, wiggling pins
# UVM_ERROR ../fifo_tb_pkg/scoreboard.svh(105) @ 73: uvm_test_top.env_h.score_h [scoreboard] Data output is not the oldest data in FIFO
# UVM_INFO ../fifo_tb_pkg/monitor.svh(59) @ 73: uvm_test_top.env_h.agent_h.mnt_h [monitor] Got data
# UVM_INFO ../fifo_tb_pkg/driver.svh(50) @ 73: uvm_test_top.env_h.agent_h.drv_h [driver] Transaction received, wiggling pins
# UVM_ERROR ../fifo_tb_pkg/scoreboard.svh(105) @ 75: uvm_test_top.env_h.score_h [scoreboard] Data output is not the oldest data in FIFO
# UVM_INFO ../fifo_tb_pkg/monitor.svh(59) @ 75: uvm_test_top.env_h.agent_h.mnt_h [monitor] Got data
# UVM_INFO ../fifo_tb_pkg/driver.svh(50) @ 75: uvm_test_top.env_h.agent_h.drv_h [driver] Transaction received, wiggling pins
# UVM_ERROR ../fifo_tb_pkg/scoreboard.svh(105) @ 77: uvm_test_top.env_h.score_h [scoreboard] Data output is not the oldest data in FIFO
# UVM_INFO ../fifo_tb_pkg/monitor.svh(59) @ 77: uvm_test_top.env_h.agent_h.mnt_h [monitor] Got data
# UVM_INFO ../fifo_tb_pkg/driver.svh(50) @ 77: uvm_test_top.env_h.agent_h.drv_h [driver] Transaction received, wiggling pins
# UVM_ERROR ../fifo_tb_pkg/scoreboard.svh(105) @ 79: uvm_test_top.env_h.score_h [scoreboard] Data output is not the oldest data in FIFO
# UVM_INFO ../fifo_tb_pkg/monitor.svh(59) @ 79: uvm_test_top.env_h.agent_h.mnt_h [monitor] Got data
# UVM_INFO ../fifo_tb_pkg/driver.svh(50) @ 79: uvm_test_top.env_h.agent_h.drv_h [driver] Transaction received, wiggling pins
# UVM_ERROR ../fifo_tb_pkg/scoreboard.svh(105) @ 81: uvm_test_top.env_h.score_h [scoreboard] Data output is not the oldest data in FIFO
# UVM_INFO ../fifo_tb_pkg/monitor.svh(59) @ 81: uvm_test_top.env_h.agent_h.mnt_h [monitor] Got data
# UVM_INFO ../fifo_tb_pkg/driver.svh(50) @ 81: uvm_test_top.env_h.agent_h.drv_h [driver] Transaction received, wiggling pins
# UVM_ERROR ../fifo_tb_pkg/scoreboard.svh(105) @ 83: uvm_test_top.env_h.score_h [scoreboard] Data output is not the oldest data in FIFO
# UVM_INFO ../fifo_tb_pkg/monitor.svh(59) @ 83: uvm_test_top.env_h.agent_h.mnt_h [monitor] Got data
# UVM_INFO ../fifo_tb_pkg/driver.svh(50) @ 83: uvm_test_top.env_h.agent_h.drv_h [driver] Transaction received, wiggling pins
# UVM_ERROR ../fifo_tb_pkg/scoreboard.svh(105) @ 85: uvm_test_top.env_h.score_h [scoreboard] Data output is not the oldest data in FIFO
# UVM_INFO ../fifo_tb_pkg/monitor.svh(59) @ 85: uvm_test_top.env_h.agent_h.mnt_h [monitor] Got data
# UVM_INFO ../fifo_tb_pkg/driver.svh(50) @ 85: uvm_test_top.env_h.agent_h.drv_h [driver] Transaction received, wiggling pins
# UVM_ERROR ../fifo_tb_pkg/scoreboard.svh(105) @ 87: uvm_test_top.env_h.score_h [scoreboard] Data output is not the oldest data in FIFO
# UVM_INFO ../fifo_tb_pkg/monitor.svh(59) @ 87: uvm_test_top.env_h.agent_h.mnt_h [monitor] Got data
# UVM_INFO ../fifo_tb_pkg/driver.svh(50) @ 87: uvm_test_top.env_h.agent_h.drv_h [driver] Transaction received, wiggling pins
# UVM_ERROR ../fifo_tb_pkg/scoreboard.svh(105) @ 89: uvm_test_top.env_h.score_h [scoreboard] Data output is not the oldest data in FIFO
# UVM_INFO ../fifo_tb_pkg/monitor.svh(59) @ 89: uvm_test_top.env_h.agent_h.mnt_h [monitor] Got data
# UVM_INFO ../fifo_tb_pkg/driver.svh(50) @ 89: uvm_test_top.env_h.agent_h.drv_h [driver] Transaction received, wiggling pins
# UVM_ERROR ../fifo_tb_pkg/scoreboard.svh(105) @ 91: uvm_test_top.env_h.score_h [scoreboard] Data output is not the oldest data in FIFO
# UVM_INFO ../fifo_tb_pkg/monitor.svh(59) @ 91: uvm_test_top.env_h.agent_h.mnt_h [monitor] Got data
# UVM_INFO ../fifo_tb_pkg/driver.svh(50) @ 91: uvm_test_top.env_h.agent_h.drv_h [driver] Transaction received, wiggling pins
# UVM_ERROR ../fifo_tb_pkg/scoreboard.svh(105) @ 93: uvm_test_top.env_h.score_h [scoreboard] Data output is not the oldest data in FIFO
# UVM_INFO ../fifo_tb_pkg/monitor.svh(59) @ 93: uvm_test_top.env_h.agent_h.mnt_h [monitor] Got data
# UVM_INFO ../fifo_tb_pkg/driver.svh(50) @ 93: uvm_test_top.env_h.agent_h.drv_h [driver] Transaction received, wiggling pins
# UVM_ERROR ../fifo_tb_pkg/scoreboard.svh(105) @ 95: uvm_test_top.env_h.score_h [scoreboard] Data output is not the oldest data in FIFO
# UVM_INFO ../fifo_tb_pkg/monitor.svh(59) @ 95: uvm_test_top.env_h.agent_h.mnt_h [monitor] Got data
# UVM_INFO ../fifo_tb_pkg/driver.svh(50) @ 95: uvm_test_top.env_h.agent_h.drv_h [driver] Transaction received, wiggling pins
# UVM_ERROR ../fifo_tb_pkg/scoreboard.svh(105) @ 97: uvm_test_top.env_h.score_h [scoreboard] Data output is not the oldest data in FIFO
# UVM_INFO ../fifo_tb_pkg/monitor.svh(59) @ 97: uvm_test_top.env_h.agent_h.mnt_h [monitor] Got data
# UVM_INFO ../fifo_tb_pkg/driver.svh(50) @ 97: uvm_test_top.env_h.agent_h.drv_h [driver] Transaction received, wiggling pins
# UVM_ERROR ../fifo_tb_pkg/scoreboard.svh(105) @ 99: uvm_test_top.env_h.score_h [scoreboard] Data output is not the oldest data in FIFO
# UVM_INFO ../fifo_tb_pkg/monitor.svh(59) @ 99: uvm_test_top.env_h.agent_h.mnt_h [monitor] Got data
# UVM_INFO ../fifo_tb_pkg/driver.svh(50) @ 99: uvm_test_top.env_h.agent_h.drv_h [driver] Transaction received, wiggling pins
# UVM_ERROR ../fifo_tb_pkg/scoreboard.svh(105) @ 101: uvm_test_top.env_h.score_h [scoreboard] Data output is not the oldest data in FIFO
# UVM_INFO ../fifo_tb_pkg/monitor.svh(59) @ 101: uvm_test_top.env_h.agent_h.mnt_h [monitor] Got data
# UVM_INFO ../fifo_tb_pkg/driver.svh(50) @ 101: uvm_test_top.env_h.agent_h.drv_h [driver] Transaction received, wiggling pins
# UVM_ERROR ../fifo_tb_pkg/scoreboard.svh(105) @ 103: uvm_test_top.env_h.score_h [scoreboard] Data output is not the oldest data in FIFO
# UVM_INFO ../fifo_tb_pkg/monitor.svh(59) @ 103: uvm_test_top.env_h.agent_h.mnt_h [monitor] Got data
# UVM_INFO ../fifo_tb_pkg/driver.svh(50) @ 103: uvm_test_top.env_h.agent_h.drv_h [driver] Transaction received, wiggling pins
# UVM_ERROR ../fifo_tb_pkg/scoreboard.svh(105) @ 105: uvm_test_top.env_h.score_h [scoreboard] Data output is not the oldest data in FIFO
# UVM_INFO ../fifo_tb_pkg/monitor.svh(59) @ 105: uvm_test_top.env_h.agent_h.mnt_h [monitor] Got data
# UVM_INFO ../fifo_tb_pkg/driver.svh(50) @ 105: uvm_test_top.env_h.agent_h.drv_h [driver] Transaction received, wiggling pins
# UVM_ERROR ../fifo_tb_pkg/scoreboard.svh(105) @ 107: uvm_test_top.env_h.score_h [scoreboard] Data output is not the oldest data in FIFO
# UVM_INFO ../fifo_tb_pkg/monitor.svh(59) @ 107: uvm_test_top.env_h.agent_h.mnt_h [monitor] Got data
# UVM_INFO ../fifo_tb_pkg/driver.svh(50) @ 107: uvm_test_top.env_h.agent_h.drv_h [driver] Transaction received, wiggling pins
# UVM_ERROR ../fifo_tb_pkg/scoreboard.svh(105) @ 109: uvm_test_top.env_h.score_h [scoreboard] Data output is not the oldest data in FIFO
# UVM_INFO ../fifo_tb_pkg/monitor.svh(59) @ 109: uvm_test_top.env_h.agent_h.mnt_h [monitor] Got data
# UVM_INFO ../fifo_tb_pkg/driver.svh(50) @ 109: uvm_test_top.env_h.agent_h.drv_h [driver] Transaction received, wiggling pins
# UVM_ERROR ../fifo_tb_pkg/scoreboard.svh(105) @ 111: uvm_test_top.env_h.score_h [scoreboard] Data output is not the oldest data in FIFO
# UVM_INFO ../fifo_tb_pkg/monitor.svh(59) @ 111: uvm_test_top.env_h.agent_h.mnt_h [monitor] Got data
# UVM_INFO ../fifo_tb_pkg/driver.svh(50) @ 111: uvm_test_top.env_h.agent_h.drv_h [driver] Transaction received, wiggling pins
# UVM_ERROR ../fifo_tb_pkg/scoreboard.svh(105) @ 113: uvm_test_top.env_h.score_h [scoreboard] Data output is not the oldest data in FIFO
# UVM_INFO ../fifo_tb_pkg/monitor.svh(59) @ 113: uvm_test_top.env_h.agent_h.mnt_h [monitor] Got data
# UVM_INFO ../fifo_tb_pkg/driver.svh(50) @ 113: uvm_test_top.env_h.agent_h.drv_h [driver] Transaction received, wiggling pins
# UVM_ERROR ../fifo_tb_pkg/scoreboard.svh(105) @ 115: uvm_test_top.env_h.score_h [scoreboard] Data output is not the oldest data in FIFO
# UVM_INFO ../fifo_tb_pkg/monitor.svh(59) @ 115: uvm_test_top.env_h.agent_h.mnt_h [monitor] Got data
# UVM_INFO ../fifo_tb_pkg/driver.svh(50) @ 115: uvm_test_top.env_h.agent_h.drv_h [driver] Transaction received, wiggling pins
# UVM_ERROR ../fifo_tb_pkg/scoreboard.svh(105) @ 117: uvm_test_top.env_h.score_h [scoreboard] Data output is not the oldest data in FIFO
# UVM_INFO ../fifo_tb_pkg/monitor.svh(59) @ 117: uvm_test_top.env_h.agent_h.mnt_h [monitor] Got data
# UVM_INFO ../fifo_tb_pkg/driver.svh(50) @ 117: uvm_test_top.env_h.agent_h.drv_h [driver] Transaction received, wiggling pins
# UVM_ERROR ../fifo_tb_pkg/scoreboard.svh(105) @ 119: uvm_test_top.env_h.score_h [scoreboard] Data output is not the oldest data in FIFO
# UVM_INFO ../fifo_tb_pkg/monitor.svh(59) @ 119: uvm_test_top.env_h.agent_h.mnt_h [monitor] Got data
# UVM_INFO ../fifo_tb_pkg/driver.svh(50) @ 119: uvm_test_top.env_h.agent_h.drv_h [driver] Transaction received, wiggling pins
# UVM_ERROR ../fifo_tb_pkg/scoreboard.svh(105) @ 121: uvm_test_top.env_h.score_h [scoreboard] Data output is not the oldest data in FIFO
# UVM_INFO ../fifo_tb_pkg/monitor.svh(59) @ 121: uvm_test_top.env_h.agent_h.mnt_h [monitor] Got data
# UVM_INFO ../fifo_tb_pkg/driver.svh(50) @ 121: uvm_test_top.env_h.agent_h.drv_h [driver] Transaction received, wiggling pins
# UVM_ERROR ../fifo_tb_pkg/scoreboard.svh(105) @ 123: uvm_test_top.env_h.score_h [scoreboard] Data output is not the oldest data in FIFO
# UVM_INFO ../fifo_tb_pkg/monitor.svh(59) @ 123: uvm_test_top.env_h.agent_h.mnt_h [monitor] Got data
# UVM_INFO ../fifo_tb_pkg/driver.svh(50) @ 123: uvm_test_top.env_h.agent_h.drv_h [driver] Transaction received, wiggling pins
# UVM_ERROR ../fifo_tb_pkg/scoreboard.svh(105) @ 125: uvm_test_top.env_h.score_h [scoreboard] Data output is not the oldest data in FIFO
# UVM_INFO ../fifo_tb_pkg/monitor.svh(59) @ 125: uvm_test_top.env_h.agent_h.mnt_h [monitor] Got data
# UVM_INFO ../fifo_tb_pkg/driver.svh(50) @ 125: uvm_test_top.env_h.agent_h.drv_h [driver] Transaction received, wiggling pins
# UVM_ERROR ../fifo_tb_pkg/scoreboard.svh(105) @ 127: uvm_test_top.env_h.score_h [scoreboard] Data output is not the oldest data in FIFO
# UVM_INFO ../fifo_tb_pkg/monitor.svh(59) @ 127: uvm_test_top.env_h.agent_h.mnt_h [monitor] Got data
# UVM_INFO ../fifo_tb_pkg/driver.svh(50) @ 127: uvm_test_top.env_h.agent_h.drv_h [driver] Transaction received, wiggling pins
# UVM_ERROR ../fifo_tb_pkg/scoreboard.svh(105) @ 129: uvm_test_top.env_h.score_h [scoreboard] Data output is not the oldest data in FIFO
# UVM_INFO ../fifo_tb_pkg/monitor.svh(59) @ 129: uvm_test_top.env_h.agent_h.mnt_h [monitor] Got data
# UVM_INFO ../fifo_tb_pkg/driver.svh(50) @ 129: uvm_test_top.env_h.agent_h.drv_h [driver] Transaction received, wiggling pins
# UVM_ERROR ../fifo_tb_pkg/scoreboard.svh(105) @ 131: uvm_test_top.env_h.score_h [scoreboard] Data output is not the oldest data in FIFO
# UVM_INFO ../fifo_tb_pkg/monitor.svh(59) @ 131: uvm_test_top.env_h.agent_h.mnt_h [monitor] Got data
# UVM_INFO ../fifo_tb_pkg/driver.svh(50) @ 131: uvm_test_top.env_h.agent_h.drv_h [driver] Transaction received, wiggling pins
# UVM_ERROR ../fifo_tb_pkg/scoreboard.svh(105) @ 133: uvm_test_top.env_h.score_h [scoreboard] Data output is not the oldest data in FIFO
# UVM_INFO ../fifo_tb_pkg/monitor.svh(59) @ 133: uvm_test_top.env_h.agent_h.mnt_h [monitor] Got data
# UVM_INFO ../fifo_tb_pkg/driver.svh(50) @ 133: uvm_test_top.env_h.agent_h.drv_h [driver] Transaction received, wiggling pins
# UVM_ERROR ../fifo_tb_pkg/scoreboard.svh(105) @ 135: uvm_test_top.env_h.score_h [scoreboard] Data output is not the oldest data in FIFO
# UVM_INFO ../fifo_tb_pkg/monitor.svh(59) @ 135: uvm_test_top.env_h.agent_h.mnt_h [monitor] Got data
# UVM_INFO ../fifo_tb_pkg/driver.svh(50) @ 135: uvm_test_top.env_h.agent_h.drv_h [driver] Transaction received, wiggling pins
# UVM_ERROR ../fifo_tb_pkg/scoreboard.svh(105) @ 137: uvm_test_top.env_h.score_h [scoreboard] Data output is not the oldest data in FIFO
# UVM_INFO ../fifo_tb_pkg/monitor.svh(59) @ 137: uvm_test_top.env_h.agent_h.mnt_h [monitor] Got data
# UVM_INFO ../fifo_tb_pkg/driver.svh(50) @ 137: uvm_test_top.env_h.agent_h.drv_h [driver] Transaction received, wiggling pins
# UVM_ERROR ../fifo_tb_pkg/scoreboard.svh(105) @ 139: uvm_test_top.env_h.score_h [scoreboard] Data output is not the oldest data in FIFO
# UVM_INFO ../fifo_tb_pkg/monitor.svh(59) @ 139: uvm_test_top.env_h.agent_h.mnt_h [monitor] Got data
# UVM_INFO ../fifo_tb_pkg/driver.svh(50) @ 139: uvm_test_top.env_h.agent_h.drv_h [driver] Transaction received, wiggling pins
# UVM_ERROR ../fifo_tb_pkg/scoreboard.svh(105) @ 141: uvm_test_top.env_h.score_h [scoreboard] Data output is not the oldest data in FIFO
# UVM_INFO ../fifo_tb_pkg/monitor.svh(59) @ 141: uvm_test_top.env_h.agent_h.mnt_h [monitor] Got data
# UVM_INFO ../fifo_tb_pkg/driver.svh(50) @ 141: uvm_test_top.env_h.agent_h.drv_h [driver] Transaction received, wiggling pins
# UVM_ERROR ../fifo_tb_pkg/scoreboard.svh(105) @ 143: uvm_test_top.env_h.score_h [scoreboard] Data output is not the oldest data in FIFO
# UVM_INFO ../fifo_tb_pkg/monitor.svh(59) @ 143: uvm_test_top.env_h.agent_h.mnt_h [monitor] Got data
# UVM_INFO ../fifo_tb_pkg/driver.svh(50) @ 143: uvm_test_top.env_h.agent_h.drv_h [driver] Transaction received, wiggling pins
# UVM_ERROR ../fifo_tb_pkg/scoreboard.svh(105) @ 145: uvm_test_top.env_h.score_h [scoreboard] Data output is not the oldest data in FIFO
# UVM_INFO ../fifo_tb_pkg/monitor.svh(59) @ 145: uvm_test_top.env_h.agent_h.mnt_h [monitor] Got data
# UVM_INFO ../fifo_tb_pkg/driver.svh(50) @ 145: uvm_test_top.env_h.agent_h.drv_h [driver] Transaction received, wiggling pins
# UVM_ERROR ../fifo_tb_pkg/scoreboard.svh(105) @ 147: uvm_test_top.env_h.score_h [scoreboard] Data output is not the oldest data in FIFO
# UVM_INFO ../fifo_tb_pkg/monitor.svh(59) @ 147: uvm_test_top.env_h.agent_h.mnt_h [monitor] Got data
# UVM_INFO ../fifo_tb_pkg/driver.svh(50) @ 147: uvm_test_top.env_h.agent_h.drv_h [driver] Transaction received, wiggling pins
# UVM_ERROR ../fifo_tb_pkg/scoreboard.svh(105) @ 149: uvm_test_top.env_h.score_h [scoreboard] Data output is not the oldest data in FIFO
# UVM_INFO ../fifo_tb_pkg/monitor.svh(59) @ 149: uvm_test_top.env_h.agent_h.mnt_h [monitor] Got data
# UVM_INFO ../fifo_tb_pkg/driver.svh(50) @ 149: uvm_test_top.env_h.agent_h.drv_h [driver] Transaction received, wiggling pins
# UVM_ERROR ../fifo_tb_pkg/scoreboard.svh(105) @ 151: uvm_test_top.env_h.score_h [scoreboard] Data output is not the oldest data in FIFO
# UVM_INFO ../fifo_tb_pkg/monitor.svh(59) @ 151: uvm_test_top.env_h.agent_h.mnt_h [monitor] Got data
# UVM_INFO ../fifo_tb_pkg/driver.svh(50) @ 151: uvm_test_top.env_h.agent_h.drv_h [driver] Transaction received, wiggling pins
# UVM_ERROR ../fifo_tb_pkg/scoreboard.svh(105) @ 153: uvm_test_top.env_h.score_h [scoreboard] Data output is not the oldest data in FIFO
# UVM_INFO ../fifo_tb_pkg/monitor.svh(59) @ 153: uvm_test_top.env_h.agent_h.mnt_h [monitor] Got data
# UVM_INFO ../fifo_tb_pkg/driver.svh(50) @ 153: uvm_test_top.env_h.agent_h.drv_h [driver] Transaction received, wiggling pins
# UVM_ERROR ../fifo_tb_pkg/scoreboard.svh(105) @ 155: uvm_test_top.env_h.score_h [scoreboard] Data output is not the oldest data in FIFO
# UVM_INFO ../fifo_tb_pkg/monitor.svh(59) @ 155: uvm_test_top.env_h.agent_h.mnt_h [monitor] Got data
# UVM_INFO ../fifo_tb_pkg/driver.svh(50) @ 155: uvm_test_top.env_h.agent_h.drv_h [driver] Transaction received, wiggling pins
# UVM_ERROR ../fifo_tb_pkg/scoreboard.svh(105) @ 157: uvm_test_top.env_h.score_h [scoreboard] Data output is not the oldest data in FIFO
# UVM_INFO ../fifo_tb_pkg/monitor.svh(59) @ 157: uvm_test_top.env_h.agent_h.mnt_h [monitor] Got data
# UVM_INFO ../fifo_tb_pkg/driver.svh(50) @ 157: uvm_test_top.env_h.agent_h.drv_h [driver] Transaction received, wiggling pins
# UVM_ERROR ../fifo_tb_pkg/scoreboard.svh(105) @ 159: uvm_test_top.env_h.score_h [scoreboard] Data output is not the oldest data in FIFO
# UVM_INFO ../fifo_tb_pkg/monitor.svh(59) @ 159: uvm_test_top.env_h.agent_h.mnt_h [monitor] Got data
# UVM_INFO ../fifo_tb_pkg/driver.svh(50) @ 159: uvm_test_top.env_h.agent_h.drv_h [driver] Transaction received, wiggling pins
# UVM_ERROR ../fifo_tb_pkg/scoreboard.svh(105) @ 161: uvm_test_top.env_h.score_h [scoreboard] Data output is not the oldest data in FIFO
# UVM_INFO ../fifo_tb_pkg/monitor.svh(59) @ 161: uvm_test_top.env_h.agent_h.mnt_h [monitor] Got data
# UVM_INFO ../fifo_tb_pkg/driver.svh(50) @ 161: uvm_test_top.env_h.agent_h.drv_h [driver] Transaction received, wiggling pins
# UVM_ERROR ../fifo_tb_pkg/scoreboard.svh(105) @ 163: uvm_test_top.env_h.score_h [scoreboard] Data output is not the oldest data in FIFO
# UVM_INFO ../fifo_tb_pkg/monitor.svh(59) @ 163: uvm_test_top.env_h.agent_h.mnt_h [monitor] Got data
# UVM_INFO ../fifo_tb_pkg/driver.svh(50) @ 163: uvm_test_top.env_h.agent_h.drv_h [driver] Transaction received, wiggling pins
# UVM_ERROR ../fifo_tb_pkg/scoreboard.svh(105) @ 165: uvm_test_top.env_h.score_h [scoreboard] Data output is not the oldest data in FIFO
# UVM_INFO ../fifo_tb_pkg/monitor.svh(59) @ 165: uvm_test_top.env_h.agent_h.mnt_h [monitor] Got data
# UVM_INFO ../fifo_tb_pkg/driver.svh(50) @ 165: uvm_test_top.env_h.agent_h.drv_h [driver] Transaction received, wiggling pins
# UVM_ERROR ../fifo_tb_pkg/scoreboard.svh(105) @ 167: uvm_test_top.env_h.score_h [scoreboard] Data output is not the oldest data in FIFO
# UVM_INFO ../fifo_tb_pkg/monitor.svh(59) @ 167: uvm_test_top.env_h.agent_h.mnt_h [monitor] Got data
# UVM_INFO ../fifo_tb_pkg/driver.svh(50) @ 167: uvm_test_top.env_h.agent_h.drv_h [driver] Transaction received, wiggling pins
# UVM_ERROR ../fifo_tb_pkg/scoreboard.svh(105) @ 169: uvm_test_top.env_h.score_h [scoreboard] Data output is not the oldest data in FIFO
# UVM_INFO ../fifo_tb_pkg/monitor.svh(59) @ 169: uvm_test_top.env_h.agent_h.mnt_h [monitor] Got data
# UVM_INFO ../fifo_tb_pkg/driver.svh(50) @ 169: uvm_test_top.env_h.agent_h.drv_h [driver] Transaction received, wiggling pins
# UVM_ERROR ../fifo_tb_pkg/scoreboard.svh(105) @ 171: uvm_test_top.env_h.score_h [scoreboard] Data output is not the oldest data in FIFO
# UVM_INFO ../fifo_tb_pkg/monitor.svh(59) @ 171: uvm_test_top.env_h.agent_h.mnt_h [monitor] Got data
# UVM_INFO ../fifo_tb_pkg/driver.svh(50) @ 171: uvm_test_top.env_h.agent_h.drv_h [driver] Transaction received, wiggling pins
# UVM_ERROR ../fifo_tb_pkg/scoreboard.svh(105) @ 173: uvm_test_top.env_h.score_h [scoreboard] Data output is not the oldest data in FIFO
# UVM_INFO ../fifo_tb_pkg/monitor.svh(59) @ 173: uvm_test_top.env_h.agent_h.mnt_h [monitor] Got data
# UVM_INFO ../fifo_tb_pkg/driver.svh(50) @ 173: uvm_test_top.env_h.agent_h.drv_h [driver] Transaction received, wiggling pins
# UVM_ERROR ../fifo_tb_pkg/scoreboard.svh(105) @ 175: uvm_test_top.env_h.score_h [scoreboard] Data output is not the oldest data in FIFO
# UVM_INFO ../fifo_tb_pkg/monitor.svh(59) @ 175: uvm_test_top.env_h.agent_h.mnt_h [monitor] Got data
# UVM_INFO ../fifo_tb_pkg/driver.svh(50) @ 175: uvm_test_top.env_h.agent_h.drv_h [driver] Transaction received, wiggling pins
# UVM_ERROR ../fifo_tb_pkg/scoreboard.svh(105) @ 177: uvm_test_top.env_h.score_h [scoreboard] Data output is not the oldest data in FIFO
# UVM_INFO ../fifo_tb_pkg/monitor.svh(59) @ 177: uvm_test_top.env_h.agent_h.mnt_h [monitor] Got data
# UVM_INFO ../fifo_tb_pkg/driver.svh(50) @ 177: uvm_test_top.env_h.agent_h.drv_h [driver] Transaction received, wiggling pins
# UVM_ERROR ../fifo_tb_pkg/scoreboard.svh(105) @ 179: uvm_test_top.env_h.score_h [scoreboard] Data output is not the oldest data in FIFO
# UVM_INFO ../fifo_tb_pkg/monitor.svh(59) @ 179: uvm_test_top.env_h.agent_h.mnt_h [monitor] Got data
# UVM_INFO ../fifo_tb_pkg/driver.svh(50) @ 179: uvm_test_top.env_h.agent_h.drv_h [driver] Transaction received, wiggling pins
# UVM_ERROR ../fifo_tb_pkg/scoreboard.svh(105) @ 181: uvm_test_top.env_h.score_h [scoreboard] Data output is not the oldest data in FIFO
# UVM_INFO ../fifo_tb_pkg/monitor.svh(59) @ 181: uvm_test_top.env_h.agent_h.mnt_h [monitor] Got data
# UVM_INFO ../fifo_tb_pkg/driver.svh(50) @ 181: uvm_test_top.env_h.agent_h.drv_h [driver] Transaction received, wiggling pins
# UVM_ERROR ../fifo_tb_pkg/scoreboard.svh(105) @ 183: uvm_test_top.env_h.score_h [scoreboard] Data output is not the oldest data in FIFO
# UVM_INFO ../fifo_tb_pkg/monitor.svh(59) @ 183: uvm_test_top.env_h.agent_h.mnt_h [monitor] Got data
# UVM_INFO ../fifo_tb_pkg/driver.svh(50) @ 183: uvm_test_top.env_h.agent_h.drv_h [driver] Transaction received, wiggling pins
# UVM_ERROR ../fifo_tb_pkg/scoreboard.svh(105) @ 185: uvm_test_top.env_h.score_h [scoreboard] Data output is not the oldest data in FIFO
# UVM_INFO ../fifo_tb_pkg/monitor.svh(59) @ 185: uvm_test_top.env_h.agent_h.mnt_h [monitor] Got data
# UVM_INFO ../fifo_tb_pkg/driver.svh(50) @ 185: uvm_test_top.env_h.agent_h.drv_h [driver] Transaction received, wiggling pins
# UVM_ERROR ../fifo_tb_pkg/scoreboard.svh(105) @ 187: uvm_test_top.env_h.score_h [scoreboard] Data output is not the oldest data in FIFO
# UVM_INFO ../fifo_tb_pkg/monitor.svh(59) @ 187: uvm_test_top.env_h.agent_h.mnt_h [monitor] Got data
# UVM_INFO ../fifo_tb_pkg/driver.svh(50) @ 187: uvm_test_top.env_h.agent_h.drv_h [driver] Transaction received, wiggling pins
# UVM_ERROR ../fifo_tb_pkg/scoreboard.svh(105) @ 189: uvm_test_top.env_h.score_h [scoreboard] Data output is not the oldest data in FIFO
# UVM_INFO ../fifo_tb_pkg/monitor.svh(59) @ 189: uvm_test_top.env_h.agent_h.mnt_h [monitor] Got data
# UVM_INFO ../fifo_tb_pkg/driver.svh(50) @ 189: uvm_test_top.env_h.agent_h.drv_h [driver] Transaction received, wiggling pins
# UVM_ERROR ../fifo_tb_pkg/scoreboard.svh(105) @ 191: uvm_test_top.env_h.score_h [scoreboard] Data output is not the oldest data in FIFO
# UVM_INFO ../fifo_tb_pkg/monitor.svh(59) @ 191: uvm_test_top.env_h.agent_h.mnt_h [monitor] Got data
# UVM_INFO ../fifo_tb_pkg/driver.svh(50) @ 191: uvm_test_top.env_h.agent_h.drv_h [driver] Transaction received, wiggling pins
# UVM_ERROR ../fifo_tb_pkg/scoreboard.svh(105) @ 193: uvm_test_top.env_h.score_h [scoreboard] Data output is not the oldest data in FIFO
# UVM_INFO ../fifo_tb_pkg/monitor.svh(59) @ 193: uvm_test_top.env_h.agent_h.mnt_h [monitor] Got data
# UVM_INFO ../fifo_tb_pkg/driver.svh(50) @ 193: uvm_test_top.env_h.agent_h.drv_h [driver] Transaction received, wiggling pins
# UVM_ERROR ../fifo_tb_pkg/scoreboard.svh(105) @ 195: uvm_test_top.env_h.score_h [scoreboard] Data output is not the oldest data in FIFO
# UVM_INFO ../fifo_tb_pkg/monitor.svh(59) @ 195: uvm_test_top.env_h.agent_h.mnt_h [monitor] Got data
# UVM_INFO ../fifo_tb_pkg/driver.svh(50) @ 195: uvm_test_top.env_h.agent_h.drv_h [driver] Transaction received, wiggling pins
# UVM_ERROR ../fifo_tb_pkg/scoreboard.svh(105) @ 197: uvm_test_top.env_h.score_h [scoreboard] Data output is not the oldest data in FIFO
# UVM_INFO ../fifo_tb_pkg/monitor.svh(59) @ 197: uvm_test_top.env_h.agent_h.mnt_h [monitor] Got data
# UVM_INFO ../fifo_tb_pkg/driver.svh(50) @ 197: uvm_test_top.env_h.agent_h.drv_h [driver] Transaction received, wiggling pins
# UVM_ERROR ../fifo_tb_pkg/scoreboard.svh(105) @ 199: uvm_test_top.env_h.score_h [scoreboard] Data output is not the oldest data in FIFO
# UVM_INFO ../fifo_tb_pkg/monitor.svh(59) @ 199: uvm_test_top.env_h.agent_h.mnt_h [monitor] Got data
# UVM_INFO ../fifo_tb_pkg/driver.svh(50) @ 199: uvm_test_top.env_h.agent_h.drv_h [driver] Transaction received, wiggling pins
# UVM_ERROR ../fifo_tb_pkg/scoreboard.svh(105) @ 201: uvm_test_top.env_h.score_h [scoreboard] Data output is not the oldest data in FIFO
# UVM_INFO ../fifo_tb_pkg/monitor.svh(59) @ 201: uvm_test_top.env_h.agent_h.mnt_h [monitor] Got data
# UVM_INFO ../fifo_tb_pkg/driver.svh(50) @ 201: uvm_test_top.env_h.agent_h.drv_h [driver] Transaction received, wiggling pins
# UVM_INFO verilog_src/uvm-1.1d/src/base/uvm_objection.svh(1267) @ 203: reporter [TEST_DONE] 'run' phase is ready to proceed to the 'extract' phase
# UVM_ERROR ../fifo_tb_pkg/scoreboard.svh(105) @ 203: uvm_test_top.env_h.score_h [scoreboard] Data output is not the oldest data in FIFO
# UVM_INFO ../fifo_tb_pkg/monitor.svh(59) @ 203: uvm_test_top.env_h.agent_h.mnt_h [monitor] Got data
# 
# --- UVM Report Summary ---
# 
# ** Report counts by severity
# UVM_INFO :  214
# UVM_WARNING :    0
# UVM_ERROR :   98
# UVM_FATAL :    0
# ** Report counts by id
# [Questa UVM]     3
# [RNTST]     1
# [TEST_DONE]     1
# [agent]     1
# [coverage collector]     1
# [driver]   102
# [env]     1
# [monitor]   103
# [scoreboard]    99
# ** Note: $finish    : /opt/questa/2024.3/questasim/linux_x86_64/../verilog_src/uvm-1.1d/src/base/uvm_root.svh(430)
#    Time: 203 ns  Iteration: 54  Instance: /fifo_tb_top
# Saving coverage database on exit...
# End time: 13:59:55 on Jan 30,2026, Elapsed time: 0:00:05
# Errors: 0, Warnings: 1